Using pre-set license

 COMMAND LINE ARGUMENTS:
/Applications/2020.3.11f1/Unity.app/Contents/MacOS/Unity
-adb2
-batchMode
-noUpm
-name
AssetImportWorker0
-projectPath
/Users/semaa/Desktop/CS5097/1-UnityIntroLab/1_UnityIntroLab
-logFile
Logs/AssetImportWorker0.log
-srvPort
50505
Successfully changed project path to: /Users/semaa/Desktop/CS5097/1-UnityIntroLab/1_UnityIntroLab
/Users/semaa/Desktop/CS5097/1-UnityIntroLab/1_UnityIntroLab
Using Asset Import Pipeline V2.
Refreshing native plugins compatible for Editor in 68.48 ms, found 2 plugins.
Preloading 0 native plugins for Editor in 0.00 ms.
Initialize engine version: 2020.3.11f1 (99c7afb366b3)
[Subsystems] Discovering subsystems at path /Applications/2020.3.11f1/Unity.app/Contents/Resources/UnitySubsystems
[Subsystems] Discovering subsystems at path /Users/semaa/Desktop/CS5097/1-UnityIntroLab/1_UnityIntroLab/Assets
GfxDevice: creating device client; threaded=0
2022-02-06 12:51:32.577 Unity[10339:84811] Color LCD preferred device: Intel(R) Iris(TM) Plus Graphics 650 (low power)
2022-02-06 12:51:32.577 Unity[10339:84811] Metal devices available: 1
2022-02-06 12:51:32.577 Unity[10339:84811] 0: Intel(R) Iris(TM) Plus Graphics 650 (low power)
2022-02-06 12:51:32.577 Unity[10339:84811] Using device Intel(R) Iris(TM) Plus Graphics 650 (low power)
Initializing Metal device caps: Intel(R) Iris(TM) Plus Graphics 650
Initialize mono
Mono path[0] = '/Applications/2020.3.11f1/Unity.app/Contents/Managed'
Mono path[1] = '/Applications/2020.3.11f1/Unity.app/Contents/MonoBleedingEdge/lib/mono/unityjit'
Mono config path = '/Applications/2020.3.11f1/Unity.app/Contents/MonoBleedingEdge/etc'
Using monoOptions --debugger-agent=transport=dt_socket,embedding=1,server=y,suspend=n,address=127.0.0.1:56339
Begin MonoManager ReloadAssembly
Registering precompiled unity dll's ...
Register platform support module: /Applications/2020.3.11f1/Unity.app/Contents/PlaybackEngines/MacStandaloneSupport/UnityEditor.OSXStandalone.Extensions.dll
Registered in 0.003545 seconds.
Native extension for OSXStandalone target not found
Refreshing native plugins compatible for Editor in 54.73 ms, found 2 plugins.
Preloading 0 native plugins for Editor in 0.00 ms.
Mono: successfully reloaded assembly
- Completed reload, in  4.681 seconds
Platform modules already initialized, skipping
Registering precompiled user dll's ...
Registered in 0.008220 seconds.
Begin MonoManager ReloadAssembly
Native extension for OSXStandalone target not found
Refreshing native plugins compatible for Editor in 0.34 ms, found 2 plugins.
Preloading 0 native plugins for Editor in 0.00 ms.
Mono: successfully reloaded assembly
- Completed reload, in  1.775 seconds
Platform modules already initialized, skipping
========================================================================
Worker process is ready to serve import requests
Launching external process: /Applications/2020.3.11f1/Unity.app/Contents/Tools/UnityShaderCompiler
Launched and connected shader compiler UnityShaderCompiler after 0.02 seconds
Refreshing native plugins compatible for Editor in 0.62 ms, found 2 plugins.
Preloading 0 native plugins for Editor in 0.00 ms.
Unloading 1386 Unused Serialized files (Serialized files now loaded: 0)
System memory in use before: 134.8 MB.
System memory in use after: 134.9 MB.

Unloading 19 unused Assets to reduce memory usage. Loaded Objects now: 1819.
Total: 4.318844 ms (FindLiveObjects: 0.451419 ms CreateObjectMapping: 0.095221 ms MarkObjects: 3.588809 ms  DeleteObjects: 0.174823 ms)

========================================================================
Received Import Request.
  path: Assets/Scenes/Prototype 1.unity
  artifactKey: Guid(84729eeda748340d0955715b6a50b370) Importer(815301076,1909f56bfc062723c751e8b465ee728b)
Start importing Assets/Scenes/Prototype 1.unity using Guid(84729eeda748340d0955715b6a50b370) Importer(815301076,1909f56bfc062723c751e8b465ee728b)  -> (artifact id: 'c9c32aea6caf52e24623abaacc8ce492') in 0.019927 seconds
  Import took 0.024054 seconds .

========================================================================
Received Import Request.
  Time since last request: 1713.451751 seconds.
  path: Assets/Course Library/Vehicles/Veh_Armor_Car_01.prefab
  artifactKey: Guid(aea2a6cdcc9d7944090d528486ebaee1) Importer(815301076,1909f56bfc062723c751e8b465ee728b)
Start importing Assets/Course Library/Vehicles/Veh_Armor_Car_01.prefab using Guid(aea2a6cdcc9d7944090d528486ebaee1) Importer(815301076,1909f56bfc062723c751e8b465ee728b)  -> (artifact id: 'a9c2873ec024e6a14b8a399815a48712') in 3.052344 seconds
  Import took 3.070244 seconds .

========================================================================
Received Import Request.
  Time since last request: 0.001756 seconds.
  path: Assets/Course Library/Vehicles/Veh_Car_Blue_Z.prefab
  artifactKey: Guid(09082afec7b5e824ca611a0cc3264bcd) Importer(815301076,1909f56bfc062723c751e8b465ee728b)
Start importing Assets/Course Library/Vehicles/Veh_Car_Blue_Z.prefab using Guid(09082afec7b5e824ca611a0cc3264bcd) Importer(815301076,1909f56bfc062723c751e8b465ee728b)  -> (artifact id: '27df1c8dd74e431199bd17e0e43a5346') in 0.307523 seconds
  Import took 0.310696 seconds .

========================================================================
Received Import Request.
  Time since last request: 0.000604 seconds.
  path: Assets/Course Library/Vehicles/Veh_Bus_Blue_Z.prefab
  artifactKey: Guid(da59e5a3713884d4f9e9667c2befa1a4) Importer(815301076,1909f56bfc062723c751e8b465ee728b)
Start importing Assets/Course Library/Vehicles/Veh_Bus_Blue_Z.prefab using Guid(da59e5a3713884d4f9e9667c2befa1a4) Importer(815301076,1909f56bfc062723c751e8b465ee728b)  -> (artifact id: '0ac2b8b58e1c138c1a97f026eb8be419') in 0.020138 seconds
  Import took 0.023510 seconds .

========================================================================
Received Import Request.
  Time since last request: 0.000311 seconds.
  path: Assets/Course Library/Vehicles/Veh_Ute_Red_Z.prefab
  artifactKey: Guid(70bf34f6c25c948458f254e87188b00b) Importer(815301076,1909f56bfc062723c751e8b465ee728b)
Start importing Assets/Course Library/Vehicles/Veh_Ute_Red_Z.prefab using Guid(70bf34f6c25c948458f254e87188b00b) Importer(815301076,1909f56bfc062723c751e8b465ee728b)  -> (artifact id: '7d046193da298ece7656bbab236c4df7') in 0.038121 seconds
  Import took 0.042413 seconds .

========================================================================
Received Import Request.
  Time since last request: 0.000239 seconds.
  path: Assets/Course Library/Vehicles/Veh_Van_Green_Z.prefab
  artifactKey: Guid(68840c673a0b18e41a044ed077548d55) Importer(815301076,1909f56bfc062723c751e8b465ee728b)
Start importing Assets/Course Library/Vehicles/Veh_Van_Green_Z.prefab using Guid(68840c673a0b18e41a044ed077548d55) Importer(815301076,1909f56bfc062723c751e8b465ee728b)  -> (artifact id: '914d84a11515a822e6271277d18332a3') in 0.030392 seconds
  Import took 0.034038 seconds .

========================================================================
Received Import Request.
  Time since last request: 526.181522 seconds.
  path: Assets/Course Library/Obstacles/Barrel_02.prefab
  artifactKey: Guid(cb04eea70ee14ab49b68d12e2cbbf680) Importer(815301076,1909f56bfc062723c751e8b465ee728b)
Start importing Assets/Course Library/Obstacles/Barrel_02.prefab using Guid(cb04eea70ee14ab49b68d12e2cbbf680) Importer(815301076,1909f56bfc062723c751e8b465ee728b)  -> (artifact id: 'c4a45edc156e17fc4eff323eea6f705d') in 0.088340 seconds
  Import took 0.111289 seconds .

========================================================================
Received Import Request.
  Time since last request: 0.000363 seconds.
  path: Assets/Course Library/Obstacles/Prop_Spool_02.prefab
  artifactKey: Guid(3daef342e8f3f9548b04424eac7d4d0d) Importer(815301076,1909f56bfc062723c751e8b465ee728b)
Start importing Assets/Course Library/Obstacles/Prop_Spool_02.prefab using Guid(3daef342e8f3f9548b04424eac7d4d0d) Importer(815301076,1909f56bfc062723c751e8b465ee728b)  -> (artifact id: 'f9bf9e7d387f0e551eb39c542fa557e7') in 0.030090 seconds
  Import took 0.034119 seconds .

========================================================================
Received Import Request.
  Time since last request: 0.000933 seconds.
  path: Assets/Course Library/Obstacles/SM_Rock_Boulder_01.prefab
  artifactKey: Guid(cdcb19fde9e8cba40b7bff849baf2c1b) Importer(815301076,1909f56bfc062723c751e8b465ee728b)
Start importing Assets/Course Library/Obstacles/SM_Rock_Boulder_01.prefab using Guid(cdcb19fde9e8cba40b7bff849baf2c1b) Importer(815301076,1909f56bfc062723c751e8b465ee728b)  -> (artifact id: 'b75164304e75e571d85c617c48383f4d') in 0.740393 seconds
  Import took 0.755157 seconds .

========================================================================
Received Import Request.
  Time since last request: 0.000310 seconds.
  path: Assets/Course Library/Obstacles/Prop_Barrier02.prefab
  artifactKey: Guid(367149bd17c4d4d4e8868ec6a5cf8d45) Importer(815301076,1909f56bfc062723c751e8b465ee728b)
Start importing Assets/Course Library/Obstacles/Prop_Barrier02.prefab using Guid(367149bd17c4d4d4e8868ec6a5cf8d45) Importer(815301076,1909f56bfc062723c751e8b465ee728b)  -> (artifact id: '3dcb52196ec7dbf5a9407ba84a3a8507') in 0.455917 seconds
  Import took 0.460152 seconds .

========================================================================
Received Import Request.
  Time since last request: 0.000248 seconds.
  path: Assets/Course Library/Obstacles/Crate_01.prefab
  artifactKey: Guid(71782582b9d2cac4cba5251a3b767d13) Importer(815301076,1909f56bfc062723c751e8b465ee728b)
Start importing Assets/Course Library/Obstacles/Crate_01.prefab using Guid(71782582b9d2cac4cba5251a3b767d13) Importer(815301076,1909f56bfc062723c751e8b465ee728b)  -> (artifact id: '1d2950586e35601b9b0b63f6e6215b84') in 0.034864 seconds
  Import took 0.039976 seconds .

========================================================================
Received Import Request.
  Time since last request: 0.000416 seconds.
  path: Assets/Course Library/Obstacles/Prop_Cone_01.prefab
  artifactKey: Guid(46f9eda5f45584fb3ad05abcd7af6df2) Importer(815301076,1909f56bfc062723c751e8b465ee728b)
Start importing Assets/Course Library/Obstacles/Prop_Cone_01.prefab using Guid(46f9eda5f45584fb3ad05abcd7af6df2) Importer(815301076,1909f56bfc062723c751e8b465ee728b)  -> (artifact id: 'e834f76d3737eededfe4ba4a763ca0b9') in 0.029312 seconds
  Import took 0.036391 seconds .

========================================================================
Received Prepare
Registering precompiled user dll's ...
Registered in 0.011100 seconds.
Begin MonoManager ReloadAssembly
Native extension for OSXStandalone target not found
Refreshing native plugins compatible for Editor in 0.34 ms, found 2 plugins.
Preloading 0 native plugins for Editor in 0.00 ms.
Mono: successfully reloaded assembly
- Completed reload, in  2.171 seconds
Platform modules already initialized, skipping
Refreshing native plugins compatible for Editor in 1.22 ms, found 2 plugins.
Preloading 0 native plugins for Editor in 0.00 ms.
Unloading 1381 Unused Serialized files (Serialized files now loaded: 0)
System memory in use before: 143.5 MB.
System memory in use after: 143.6 MB.

Unloading 14 unused Assets to reduce memory usage. Loaded Objects now: 1830.
Total: 2.187163 ms (FindLiveObjects: 0.306136 ms CreateObjectMapping: 0.060341 ms MarkObjects: 1.719873 ms  DeleteObjects: 0.099566 ms)

========================================================================
Received Prepare
Registering precompiled user dll's ...
Registered in 0.008022 seconds.
Begin MonoManager ReloadAssembly
Native extension for OSXStandalone target not found
Refreshing native plugins compatible for Editor in 0.55 ms, found 2 plugins.
Preloading 0 native plugins for Editor in 0.00 ms.
Mono: successfully reloaded assembly
- Completed reload, in  1.499 seconds
Platform modules already initialized, skipping
Refreshing native plugins compatible for Editor in 0.34 ms, found 2 plugins.
Preloading 0 native plugins for Editor in 0.00 ms.
Unloading 1381 Unused Serialized files (Serialized files now loaded: 0)
System memory in use before: 143.8 MB.
System memory in use after: 143.8 MB.

Unloading 14 unused Assets to reduce memory usage. Loaded Objects now: 1833.
Total: 2.131939 ms (FindLiveObjects: 0.161368 ms CreateObjectMapping: 0.045574 ms MarkObjects: 1.860842 ms  DeleteObjects: 0.063041 ms)

========================================================================
Received Prepare
Registering precompiled user dll's ...
Registered in 0.265933 seconds.
Begin MonoManager ReloadAssembly
Native extension for OSXStandalone target not found
Refreshing native plugins compatible for Editor in 0.74 ms, found 2 plugins.
Preloading 0 native plugins for Editor in 0.00 ms.
Mono: successfully reloaded assembly
- Completed reload, in  2.448 seconds
Platform modules already initialized, skipping
Refreshing native plugins compatible for Editor in 0.45 ms, found 2 plugins.
Preloading 0 native plugins for Editor in 0.00 ms.
Unloading 1381 Unused Serialized files (Serialized files now loaded: 0)
System memory in use before: 144.0 MB.
System memory in use after: 144.0 MB.

Unloading 14 unused Assets to reduce memory usage. Loaded Objects now: 1836.
Total: 4.378660 ms (FindLiveObjects: 0.476104 ms CreateObjectMapping: 0.099426 ms MarkObjects: 3.710866 ms  DeleteObjects: 0.090968 ms)

========================================================================
Received Prepare
Registering precompiled user dll's ...
Registered in 0.007690 seconds.
Begin MonoManager ReloadAssembly
Native extension for OSXStandalone target not found
Refreshing native plugins compatible for Editor in 0.46 ms, found 2 plugins.
Preloading 0 native plugins for Editor in 0.00 ms.
Mono: successfully reloaded assembly
- Completed reload, in  4.470 seconds
Platform modules already initialized, skipping
Refreshing native plugins compatible for Editor in 1.35 ms, found 2 plugins.
Preloading 0 native plugins for Editor in 0.00 ms.
Unloading 1381 Unused Serialized files (Serialized files now loaded: 0)
System memory in use before: 144.1 MB.
System memory in use after: 144.2 MB.

Unloading 14 unused Assets to reduce memory usage. Loaded Objects now: 1839.
Total: 3.790681 ms (FindLiveObjects: 1.157492 ms CreateObjectMapping: 0.118744 ms MarkObjects: 2.401238 ms  DeleteObjects: 0.111723 ms)

========================================================================
Received Prepare
Registering precompiled user dll's ...
Registered in 0.154251 seconds.
Begin MonoManager ReloadAssembly
Native extension for OSXStandalone target not found
Refreshing native plugins compatible for Editor in 1.25 ms, found 2 plugins.
Preloading 0 native plugins for Editor in 0.00 ms.
Mono: successfully reloaded assembly
- Completed reload, in  2.277 seconds
Platform modules already initialized, skipping
Refreshing native plugins compatible for Editor in 0.81 ms, found 2 plugins.
Preloading 0 native plugins for Editor in 0.00 ms.
Unloading 1381 Unused Serialized files (Serialized files now loaded: 0)
System memory in use before: 144.3 MB.
System memory in use after: 144.4 MB.

Unloading 14 unused Assets to reduce memory usage. Loaded Objects now: 1842.
Total: 2.080139 ms (FindLiveObjects: 0.168824 ms CreateObjectMapping: 0.045189 ms MarkObjects: 1.804702 ms  DeleteObjects: 0.060358 ms)

========================================================================
Received Import Request.
  Time since last request: 15089.055384 seconds.
  path: Assets
  artifactKey: Guid(00000000000000001000000000000000) Importer(815301076,1909f56bfc062723c751e8b465ee728b)
Start importing Assets using Guid(00000000000000001000000000000000) Importer(815301076,1909f56bfc062723c751e8b465ee728b)  -> (artifact id: '42d402b061de3733987d63b9cc3b64de') in 0.144198 seconds
  Import took 0.191717 seconds .

========================================================================
Received Import Request.
  Time since last request: 12.366686 seconds.
  path: Assets/Scripts
  artifactKey: Guid(fcac892c635eb4154b1f1cf0981ce438) Importer(815301076,1909f56bfc062723c751e8b465ee728b)
Start importing Assets/Scripts using Guid(fcac892c635eb4154b1f1cf0981ce438) Importer(815301076,1909f56bfc062723c751e8b465ee728b)  -> (artifact id: 'cf54b27b7adb36f2f2ffcc32b8c3aa1d') in 0.007667 seconds
  Import took 0.025883 seconds .

========================================================================
Received Import Request.
  Time since last request: 30.523398 seconds.
  path: Assets/Scripts/PlayerController.cs
  artifactKey: Guid(fb4bb697dac3b4fea98750516a6bd325) Importer(815301076,1909f56bfc062723c751e8b465ee728b)
Start importing Assets/Scripts/PlayerController.cs using Guid(fb4bb697dac3b4fea98750516a6bd325) Importer(815301076,1909f56bfc062723c751e8b465ee728b)  -> (artifact id: 'efea3f8dfb4b5af5abc9b20a086cc44c') in 12.071437 seconds
  Import took 12.082024 seconds .

========================================================================
Received Prepare
Registering precompiled user dll's ...
Registered in 0.062378 seconds.
Begin MonoManager ReloadAssembly
Native extension for OSXStandalone target not found
Refreshing native plugins compatible for Editor in 0.38 ms, found 2 plugins.
Preloading 0 native plugins for Editor in 0.00 ms.
Mono: successfully reloaded assembly
- Completed reload, in  3.319 seconds
Platform modules already initialized, skipping
Refreshing native plugins compatible for Editor in 0.48 ms, found 2 plugins.
Preloading 0 native plugins for Editor in 0.00 ms.
Unloading 1382 Unused Serialized files (Serialized files now loaded: 0)
System memory in use before: 148.9 MB.
System memory in use after: 149.0 MB.

Unloading 14 unused Assets to reduce memory usage. Loaded Objects now: 1846.
Total: 22.282552 ms (FindLiveObjects: 5.752136 ms CreateObjectMapping: 0.121211 ms MarkObjects: 16.170485 ms  DeleteObjects: 0.236357 ms)

========================================================================
Received Prepare
Registering precompiled user dll's ...
Registered in 0.011956 seconds.
Begin MonoManager ReloadAssembly
Native extension for OSXStandalone target not found
Refreshing native plugins compatible for Editor in 0.34 ms, found 2 plugins.
Preloading 0 native plugins for Editor in 0.00 ms.
Mono: successfully reloaded assembly
- Completed reload, in  2.285 seconds
Platform modules already initialized, skipping
Refreshing native plugins compatible for Editor in 0.64 ms, found 2 plugins.
Preloading 0 native plugins for Editor in 0.00 ms.
Unloading 1382 Unused Serialized files (Serialized files now loaded: 0)
System memory in use before: 149.0 MB.
System memory in use after: 149.1 MB.

Unloading 14 unused Assets to reduce memory usage. Loaded Objects now: 1849.
Total: 5.777921 ms (FindLiveObjects: 0.627533 ms CreateObjectMapping: 0.083871 ms MarkObjects: 4.951498 ms  DeleteObjects: 0.113501 ms)

========================================================================
Received Prepare
Registering precompiled user dll's ...
Registered in 0.006282 seconds.
Begin MonoManager ReloadAssembly
Native extension for OSXStandalone target not found
Refreshing native plugins compatible for Editor in 0.50 ms, found 2 plugins.
Preloading 0 native plugins for Editor in 0.00 ms.
Mono: successfully reloaded assembly
- Completed reload, in  2.052 seconds
Platform modules already initialized, skipping
Refreshing native plugins compatible for Editor in 0.36 ms, found 2 plugins.
Preloading 0 native plugins for Editor in 0.00 ms.
Unloading 1382 Unused Serialized files (Serialized files now loaded: 0)
System memory in use before: 149.3 MB.
System memory in use after: 149.4 MB.

Unloading 14 unused Assets to reduce memory usage. Loaded Objects now: 1852.
Total: 2.253374 ms (FindLiveObjects: 0.243741 ms CreateObjectMapping: 0.056040 ms MarkObjects: 1.728352 ms  DeleteObjects: 0.224319 ms)

========================================================================
Received Import Request.
  Time since last request: 4652.254677 seconds.
  path: Assets/Scripts/PlayerController.cs
  artifactKey: Guid(fb4bb697dac3b4fea98750516a6bd325) Importer(815301076,1909f56bfc062723c751e8b465ee728b)
Start importing Assets/Scripts/PlayerController.cs using Guid(fb4bb697dac3b4fea98750516a6bd325) Importer(815301076,1909f56bfc062723c751e8b465ee728b)  -> (artifact id: '1cfd9c7654965cd25c5b90e56e176314') in 0.051771 seconds
  Import took 0.065577 seconds .

========================================================================
Received Import Request.
  Time since last request: 0.006890 seconds.
  path: Assets/Scripts/PlayerController.cs
  artifactKey: Guid(fb4bb697dac3b4fea98750516a6bd325) Importer(815301076,1909f56bfc062723c751e8b465ee728b)
Start importing Assets/Scripts/PlayerController.cs using Guid(fb4bb697dac3b4fea98750516a6bd325) Importer(815301076,1909f56bfc062723c751e8b465ee728b)  -> (artifact id: '1cfd9c7654965cd25c5b90e56e176314') in 0.001829 seconds
  Import took 0.006095 seconds .

========================================================================
Received Prepare
Registering precompiled user dll's ...
Registered in 0.014554 seconds.
Begin MonoManager ReloadAssembly
Native extension for OSXStandalone target not found
Refreshing native plugins compatible for Editor in 0.39 ms, found 2 plugins.
Preloading 0 native plugins for Editor in 0.00 ms.
Mono: successfully reloaded assembly
- Completed reload, in  1.531 seconds
Platform modules already initialized, skipping
Refreshing native plugins compatible for Editor in 0.40 ms, found 2 plugins.
Preloading 0 native plugins for Editor in 0.00 ms.
Unloading 1382 Unused Serialized files (Serialized files now loaded: 0)
System memory in use before: 149.5 MB.
System memory in use after: 149.6 MB.

Unloading 14 unused Assets to reduce memory usage. Loaded Objects now: 1855.
Total: 2.322602 ms (FindLiveObjects: 0.167864 ms CreateObjectMapping: 0.048174 ms MarkObjects: 2.043221 ms  DeleteObjects: 0.061202 ms)

========================================================================
Received Prepare
Registering precompiled user dll's ...
Registered in 0.007689 seconds.
Begin MonoManager ReloadAssembly
Native extension for OSXStandalone target not found
Refreshing native plugins compatible for Editor in 0.43 ms, found 2 plugins.
Preloading 0 native plugins for Editor in 0.00 ms.
Mono: successfully reloaded assembly
- Completed reload, in  1.568 seconds
Platform modules already initialized, skipping
Refreshing native plugins compatible for Editor in 0.43 ms, found 2 plugins.
Preloading 0 native plugins for Editor in 0.00 ms.
Unloading 1382 Unused Serialized files (Serialized files now loaded: 0)
System memory in use before: 149.7 MB.
System memory in use after: 149.8 MB.

Unloading 14 unused Assets to reduce memory usage. Loaded Objects now: 1858.
Total: 2.891732 ms (FindLiveObjects: 0.187335 ms CreateObjectMapping: 0.045303 ms MarkObjects: 2.584048 ms  DeleteObjects: 0.073783 ms)

========================================================================
Received Prepare
Registering precompiled user dll's ...
Registered in 0.010051 seconds.
Begin MonoManager ReloadAssembly
Native extension for OSXStandalone target not found
Refreshing native plugins compatible for Editor in 0.56 ms, found 2 plugins.
Preloading 0 native plugins for Editor in 0.00 ms.
Mono: successfully reloaded assembly
- Completed reload, in  2.761 seconds
Platform modules already initialized, skipping
Refreshing native plugins compatible for Editor in 0.92 ms, found 2 plugins.
Preloading 0 native plugins for Editor in 0.00 ms.
Unloading 1382 Unused Serialized files (Serialized files now loaded: 0)
System memory in use before: 149.8 MB.
System memory in use after: 149.9 MB.

Unloading 14 unused Assets to reduce memory usage. Loaded Objects now: 1861.
Total: 3.000185 ms (FindLiveObjects: 0.323220 ms CreateObjectMapping: 0.081280 ms MarkObjects: 2.495050 ms  DeleteObjects: 0.099549 ms)

========================================================================
Received Prepare
Registering precompiled user dll's ...
Registered in 0.010060 seconds.
Begin MonoManager ReloadAssembly
Native extension for OSXStandalone target not found
Refreshing native plugins compatible for Editor in 0.36 ms, found 2 plugins.
Preloading 0 native plugins for Editor in 0.00 ms.
Mono: successfully reloaded assembly
- Completed reload, in  2.436 seconds
Platform modules already initialized, skipping
Refreshing native plugins compatible for Editor in 0.34 ms, found 2 plugins.
Preloading 0 native plugins for Editor in 0.00 ms.
Unloading 1382 Unused Serialized files (Serialized files now loaded: 0)
System memory in use before: 150.0 MB.
System memory in use after: 150.1 MB.

Unloading 14 unused Assets to reduce memory usage. Loaded Objects now: 1864.
Total: 2.909632 ms (FindLiveObjects: 0.215088 ms CreateObjectMapping: 0.067298 ms MarkObjects: 2.530311 ms  DeleteObjects: 0.095834 ms)

========================================================================
Received Prepare
Registering precompiled user dll's ...
Registered in 0.004162 seconds.
Begin MonoManager ReloadAssembly
Native extension for OSXStandalone target not found
Refreshing native plugins compatible for Editor in 0.52 ms, found 2 plugins.
Preloading 0 native plugins for Editor in 0.00 ms.
Mono: successfully reloaded assembly
- Completed reload, in  1.838 seconds
Platform modules already initialized, skipping
Refreshing native plugins compatible for Editor in 0.54 ms, found 2 plugins.
Preloading 0 native plugins for Editor in 0.00 ms.
Unloading 1382 Unused Serialized files (Serialized files now loaded: 0)
System memory in use before: 150.2 MB.
System memory in use after: 150.3 MB.

Unloading 14 unused Assets to reduce memory usage. Loaded Objects now: 1867.
Total: 3.577427 ms (FindLiveObjects: 0.175532 ms CreateObjectMapping: 0.053109 ms MarkObjects: 3.286718 ms  DeleteObjects: 0.060900 ms)

========================================================================
Received Prepare
Registering precompiled user dll's ...
Registered in 0.040718 seconds.
Begin MonoManager ReloadAssembly
Native extension for OSXStandalone target not found
Refreshing native plugins compatible for Editor in 0.52 ms, found 2 plugins.
Preloading 0 native plugins for Editor in 0.00 ms.
Mono: successfully reloaded assembly
- Completed reload, in  2.454 seconds
Platform modules already initialized, skipping
Refreshing native plugins compatible for Editor in 0.52 ms, found 2 plugins.
Preloading 0 native plugins for Editor in 0.00 ms.
Unloading 1382 Unused Serialized files (Serialized files now loaded: 0)
System memory in use before: 150.4 MB.
System memory in use after: 150.5 MB.

Unloading 14 unused Assets to reduce memory usage. Loaded Objects now: 1870.
Total: 2.511852 ms (FindLiveObjects: 0.361028 ms CreateObjectMapping: 0.079662 ms MarkObjects: 1.980298 ms  DeleteObjects: 0.089747 ms)

========================================================================
Received Prepare
Registering precompiled user dll's ...
Registered in 0.017057 seconds.
Begin MonoManager ReloadAssembly
Native extension for OSXStandalone target not found
Refreshing native plugins compatible for Editor in 0.35 ms, found 2 plugins.
Preloading 0 native plugins for Editor in 0.00 ms.
Mono: successfully reloaded assembly
- Completed reload, in  2.168 seconds
Platform modules already initialized, skipping
Refreshing native plugins compatible for Editor in 0.74 ms, found 2 plugins.
Preloading 0 native plugins for Editor in 0.00 ms.
Unloading 1382 Unused Serialized files (Serialized files now loaded: 0)
System memory in use before: 150.6 MB.
System memory in use after: 150.7 MB.

Unloading 14 unused Assets to reduce memory usage. Loaded Objects now: 1873.
Total: 2.567492 ms (FindLiveObjects: 0.342703 ms CreateObjectMapping: 0.058080 ms MarkObjects: 2.103822 ms  DeleteObjects: 0.061677 ms)

========================================================================
Received Prepare
Registering precompiled user dll's ...
Registered in 0.004257 seconds.
Begin MonoManager ReloadAssembly
Native extension for OSXStandalone target not found
Refreshing native plugins compatible for Editor in 0.37 ms, found 2 plugins.
Preloading 0 native plugins for Editor in 0.00 ms.
Mono: successfully reloaded assembly
- Completed reload, in  2.328 seconds
Platform modules already initialized, skipping
Refreshing native plugins compatible for Editor in 0.59 ms, found 2 plugins.
Preloading 0 native plugins for Editor in 0.00 ms.
Unloading 1382 Unused Serialized files (Serialized files now loaded: 0)
System memory in use before: 150.8 MB.
System memory in use after: 150.8 MB.

Unloading 14 unused Assets to reduce memory usage. Loaded Objects now: 1876.
Total: 2.069331 ms (FindLiveObjects: 0.235069 ms CreateObjectMapping: 0.052644 ms MarkObjects: 1.686049 ms  DeleteObjects: 0.094467 ms)

========================================================================
Received Prepare
Registering precompiled user dll's ...
Registered in 0.017882 seconds.
Begin MonoManager ReloadAssembly
Native extension for OSXStandalone target not found
Refreshing native plugins compatible for Editor in 1.02 ms, found 2 plugins.
Preloading 0 native plugins for Editor in 0.00 ms.
Mono: successfully reloaded assembly
- Completed reload, in  1.853 seconds
Platform modules already initialized, skipping
Refreshing native plugins compatible for Editor in 2.71 ms, found 2 plugins.
Preloading 0 native plugins for Editor in 0.00 ms.
Unloading 1382 Unused Serialized files (Serialized files now loaded: 0)
System memory in use before: 151.0 MB.
System memory in use after: 151.1 MB.

Unloading 14 unused Assets to reduce memory usage. Loaded Objects now: 1879.
Total: 2.369725 ms (FindLiveObjects: 0.171765 ms CreateObjectMapping: 0.044437 ms MarkObjects: 2.038065 ms  DeleteObjects: 0.114153 ms)

========================================================================
Received Prepare
Registering precompiled user dll's ...
Registered in 0.006211 seconds.
Begin MonoManager ReloadAssembly
Native extension for OSXStandalone target not found
Refreshing native plugins compatible for Editor in 0.34 ms, found 2 plugins.
Preloading 0 native plugins for Editor in 0.00 ms.
Mono: successfully reloaded assembly
- Completed reload, in  2.366 seconds
Platform modules already initialized, skipping
Refreshing native plugins compatible for Editor in 0.40 ms, found 2 plugins.
Preloading 0 native plugins for Editor in 0.00 ms.
Unloading 1382 Unused Serialized files (Serialized files now loaded: 0)
System memory in use before: 151.1 MB.
System memory in use after: 151.2 MB.

Unloading 14 unused Assets to reduce memory usage. Loaded Objects now: 1882.
Total: 2.028848 ms (FindLiveObjects: 0.232897 ms CreateObjectMapping: 0.047877 ms MarkObjects: 1.639660 ms  DeleteObjects: 0.107526 ms)

========================================================================
Received Prepare
Registering precompiled user dll's ...
Registered in 0.025615 seconds.
Begin MonoManager ReloadAssembly
Native extension for OSXStandalone target not found
Refreshing native plugins compatible for Editor in 0.35 ms, found 2 plugins.
Preloading 0 native plugins for Editor in 0.00 ms.
Mono: successfully reloaded assembly
- Completed reload, in  2.218 seconds
Platform modules already initialized, skipping
Refreshing native plugins compatible for Editor in 0.54 ms, found 2 plugins.
Preloading 0 native plugins for Editor in 0.00 ms.
Unloading 1382 Unused Serialized files (Serialized files now loaded: 0)
System memory in use before: 151.4 MB.
System memory in use after: 151.5 MB.

Unloading 14 unused Assets to reduce memory usage. Loaded Objects now: 1885.
Total: 3.866983 ms (FindLiveObjects: 0.406131 ms CreateObjectMapping: 0.105855 ms MarkObjects: 3.226651 ms  DeleteObjects: 0.126120 ms)

========================================================================
Received Prepare
Registering precompiled user dll's ...
Registered in 0.029759 seconds.
Begin MonoManager ReloadAssembly
Native extension for OSXStandalone target not found
Refreshing native plugins compatible for Editor in 0.34 ms, found 2 plugins.
Preloading 0 native plugins for Editor in 0.00 ms.
Mono: successfully reloaded assembly
- Completed reload, in  1.959 seconds
Platform modules already initialized, skipping
Refreshing native plugins compatible for Editor in 0.55 ms, found 2 plugins.
Preloading 0 native plugins for Editor in 0.00 ms.
Unloading 1382 Unused Serialized files (Serialized files now loaded: 0)
System memory in use before: 151.5 MB.
System memory in use after: 151.6 MB.

Unloading 14 unused Assets to reduce memory usage. Loaded Objects now: 1888.
Total: 1.883482 ms (FindLiveObjects: 0.175390 ms CreateObjectMapping: 0.047463 ms MarkObjects: 1.604507 ms  DeleteObjects: 0.055091 ms)

========================================================================
Received Prepare
Registering precompiled user dll's ...
Registered in 0.004926 seconds.
Begin MonoManager ReloadAssembly
Native extension for OSXStandalone target not found
Refreshing native plugins compatible for Editor in 0.62 ms, found 2 plugins.
Preloading 0 native plugins for Editor in 0.00 ms.
Mono: successfully reloaded assembly
- Completed reload, in  3.361 seconds
Platform modules already initialized, skipping
Refreshing native plugins compatible for Editor in 0.34 ms, found 2 plugins.
Preloading 0 native plugins for Editor in 0.00 ms.
Unloading 1382 Unused Serialized files (Serialized files now loaded: 0)
System memory in use before: 152.3 MB.
System memory in use after: 152.4 MB.

Unloading 14 unused Assets to reduce memory usage. Loaded Objects now: 1891.
Total: 2.954011 ms (FindLiveObjects: 0.539415 ms CreateObjectMapping: 0.116837 ms MarkObjects: 2.171752 ms  DeleteObjects: 0.124041 ms)

========================================================================
Received Prepare
Registering precompiled user dll's ...
Registered in 0.025801 seconds.
Begin MonoManager ReloadAssembly
Native extension for OSXStandalone target not found
Refreshing native plugins compatible for Editor in 0.37 ms, found 2 plugins.
Preloading 0 native plugins for Editor in 0.00 ms.
Mono: successfully reloaded assembly
- Completed reload, in  5.314 seconds
Platform modules already initialized, skipping
Refreshing native plugins compatible for Editor in 0.79 ms, found 2 plugins.
Preloading 0 native plugins for Editor in 0.00 ms.
Unloading 1382 Unused Serialized files (Serialized files now loaded: 0)
System memory in use before: 152.5 MB.
System memory in use after: 152.6 MB.

Unloading 14 unused Assets to reduce memory usage. Loaded Objects now: 1894.
Total: 3.191128 ms (FindLiveObjects: 0.885646 ms CreateObjectMapping: 0.107203 ms MarkObjects: 2.132136 ms  DeleteObjects: 0.064737 ms)

========================================================================
Received Prepare
Registering precompiled user dll's ...
Registered in 0.004701 seconds.
Begin MonoManager ReloadAssembly
Native extension for OSXStandalone target not found
Refreshing native plugins compatible for Editor in 0.44 ms, found 2 plugins.
Preloading 0 native plugins for Editor in 0.00 ms.
Mono: successfully reloaded assembly
- Completed reload, in  2.833 seconds
Platform modules already initialized, skipping
Refreshing native plugins compatible for Editor in 1.67 ms, found 2 plugins.
Preloading 0 native plugins for Editor in 0.00 ms.
Unloading 1382 Unused Serialized files (Serialized files now loaded: 0)
System memory in use before: 152.7 MB.
System memory in use after: 152.7 MB.

Unloading 14 unused Assets to reduce memory usage. Loaded Objects now: 1897.
Total: 3.558388 ms (FindLiveObjects: 0.456729 ms CreateObjectMapping: 0.107197 ms MarkObjects: 2.911139 ms  DeleteObjects: 0.081953 ms)

========================================================================
Received Prepare
Registering precompiled user dll's ...
Registered in 0.004210 seconds.
Begin MonoManager ReloadAssembly
Native extension for OSXStandalone target not found
Refreshing native plugins compatible for Editor in 0.34 ms, found 2 plugins.
Preloading 0 native plugins for Editor in 0.00 ms.
Mono: successfully reloaded assembly
- Completed reload, in  3.313 seconds
Platform modules already initialized, skipping
Refreshing native plugins compatible for Editor in 0.56 ms, found 2 plugins.
Preloading 0 native plugins for Editor in 0.00 ms.
Unloading 1382 Unused Serialized files (Serialized files now loaded: 0)
System memory in use before: 152.9 MB.
System memory in use after: 153.0 MB.

Unloading 14 unused Assets to reduce memory usage. Loaded Objects now: 1900.
Total: 3.422315 ms (FindLiveObjects: 0.388157 ms CreateObjectMapping: 0.094432 ms MarkObjects: 2.839103 ms  DeleteObjects: 0.098098 ms)

========================================================================
Received Prepare
Registering precompiled user dll's ...
Registered in 0.007824 seconds.
Begin MonoManager ReloadAssembly
Native extension for OSXStandalone target not found
Refreshing native plugins compatible for Editor in 0.57 ms, found 2 plugins.
Preloading 0 native plugins for Editor in 0.00 ms.
Mono: successfully reloaded assembly
- Completed reload, in  1.839 seconds
Platform modules already initialized, skipping
Refreshing native plugins compatible for Editor in 0.32 ms, found 2 plugins.
Preloading 0 native plugins for Editor in 0.00 ms.
Unloading 1382 Unused Serialized files (Serialized files now loaded: 0)
System memory in use before: 153.1 MB.
System memory in use after: 153.2 MB.

Unloading 14 unused Assets to reduce memory usage. Loaded Objects now: 1903.
Total: 2.210893 ms (FindLiveObjects: 0.207617 ms CreateObjectMapping: 0.099294 ms MarkObjects: 1.846511 ms  DeleteObjects: 0.056598 ms)

========================================================================
Received Prepare
Registering precompiled user dll's ...
Registered in 0.008309 seconds.
Begin MonoManager ReloadAssembly
Native extension for OSXStandalone target not found
Refreshing native plugins compatible for Editor in 0.34 ms, found 2 plugins.
Preloading 0 native plugins for Editor in 0.00 ms.
Mono: successfully reloaded assembly
- Completed reload, in  1.881 seconds
Platform modules already initialized, skipping
Refreshing native plugins compatible for Editor in 0.37 ms, found 2 plugins.
Preloading 0 native plugins for Editor in 0.00 ms.
Unloading 1382 Unused Serialized files (Serialized files now loaded: 0)
System memory in use before: 153.3 MB.
System memory in use after: 153.4 MB.

Unloading 14 unused Assets to reduce memory usage. Loaded Objects now: 1906.
Total: 1.972967 ms (FindLiveObjects: 0.245815 ms CreateObjectMapping: 0.052752 ms MarkObjects: 1.621013 ms  DeleteObjects: 0.052533 ms)

========================================================================
Received Import Request.
  Time since last request: 12026.942133 seconds.
  path: Assets/Scripts/PlayerController.cs
  artifactKey: Guid(fb4bb697dac3b4fea98750516a6bd325) Importer(815301076,1909f56bfc062723c751e8b465ee728b)
Start importing Assets/Scripts/PlayerController.cs using Guid(fb4bb697dac3b4fea98750516a6bd325) Importer(815301076,1909f56bfc062723c751e8b465ee728b)  -> (artifact id: '1f50a467466c7e804c742f75e8589765') in 0.031394 seconds
  Import took 0.037570 seconds .

========================================================================
Received Import Request.
  Time since last request: 21.020100 seconds.
  path: Assets/Scripts/FollowPlayer.cs
  artifactKey: Guid(287c39868cea64619803744dc62f6fea) Importer(815301076,1909f56bfc062723c751e8b465ee728b)
Start importing Assets/Scripts/FollowPlayer.cs using Guid(287c39868cea64619803744dc62f6fea) Importer(815301076,1909f56bfc062723c751e8b465ee728b)  -> (artifact id: '302a17cc30cb800da804e815ae739301') in 0.005777 seconds
  Import took 0.022496 seconds .

========================================================================
Received Prepare
Registering precompiled user dll's ...
Registered in 0.004358 seconds.
Begin MonoManager ReloadAssembly
Native extension for OSXStandalone target not found
Refreshing native plugins compatible for Editor in 0.67 ms, found 2 plugins.
Preloading 0 native plugins for Editor in 0.00 ms.
Mono: successfully reloaded assembly
- Completed reload, in  7.012 seconds
Platform modules already initialized, skipping
Refreshing native plugins compatible for Editor in 0.36 ms, found 2 plugins.
Preloading 0 native plugins for Editor in 0.00 ms.
Unloading 1383 Unused Serialized files (Serialized files now loaded: 0)
System memory in use before: 153.4 MB.
System memory in use after: 153.5 MB.

Unloading 14 unused Assets to reduce memory usage. Loaded Objects now: 1910.
Total: 2.357905 ms (FindLiveObjects: 0.175631 ms CreateObjectMapping: 0.048274 ms MarkObjects: 2.059137 ms  DeleteObjects: 0.073156 ms)

========================================================================
Received Prepare
Registering precompiled user dll's ...
Registered in 0.004644 seconds.
Begin MonoManager ReloadAssembly
Native extension for OSXStandalone target not found
Refreshing native plugins compatible for Editor in 0.54 ms, found 2 plugins.
Preloading 0 native plugins for Editor in 0.00 ms.
Mono: successfully reloaded assembly
- Completed reload, in  3.710 seconds
Platform modules already initialized, skipping
Refreshing native plugins compatible for Editor in 0.52 ms, found 2 plugins.
Preloading 0 native plugins for Editor in 0.00 ms.
Unloading 1383 Unused Serialized files (Serialized files now loaded: 0)
System memory in use before: 153.7 MB.
System memory in use after: 153.8 MB.

Unloading 14 unused Assets to reduce memory usage. Loaded Objects now: 1913.
Total: 4.441585 ms (FindLiveObjects: 0.408656 ms CreateObjectMapping: 0.097957 ms MarkObjects: 3.839139 ms  DeleteObjects: 0.094284 ms)

========================================================================
Received Import Request.
  Time since last request: 324.826694 seconds.
  path: Assets/Scripts/FollowPlayer.cs
  artifactKey: Guid(287c39868cea64619803744dc62f6fea) Importer(815301076,1909f56bfc062723c751e8b465ee728b)
Start importing Assets/Scripts/FollowPlayer.cs using Guid(287c39868cea64619803744dc62f6fea) Importer(815301076,1909f56bfc062723c751e8b465ee728b)  -> (artifact id: 'e17e8930871879ec28972396daeaee4a') in 0.015978 seconds
  Import took 0.022186 seconds .

========================================================================
Received Prepare
Registering precompiled user dll's ...
Registered in 0.008644 seconds.
Begin MonoManager ReloadAssembly
Native extension for OSXStandalone target not found
Refreshing native plugins compatible for Editor in 0.35 ms, found 2 plugins.
Preloading 0 native plugins for Editor in 0.00 ms.
Mono: successfully reloaded assembly
- Completed reload, in  1.804 seconds
Platform modules already initialized, skipping
Refreshing native plugins compatible for Editor in 0.34 ms, found 2 plugins.
Preloading 0 native plugins for Editor in 0.00 ms.
Unloading 1383 Unused Serialized files (Serialized files now loaded: 0)
System memory in use before: 153.9 MB.
System memory in use after: 153.9 MB.

Unloading 14 unused Assets to reduce memory usage. Loaded Objects now: 1916.
Total: 2.496208 ms (FindLiveObjects: 0.275935 ms CreateObjectMapping: 0.057288 ms MarkObjects: 2.076356 ms  DeleteObjects: 0.085659 ms)

========================================================================
Received Prepare
Registering precompiled user dll's ...
Registered in 0.022347 seconds.
Begin MonoManager ReloadAssembly
Native extension for OSXStandalone target not found
Refreshing native plugins compatible for Editor in 0.33 ms, found 2 plugins.
Preloading 0 native plugins for Editor in 0.00 ms.
Mono: successfully reloaded assembly
- Completed reload, in  1.599 seconds
Platform modules already initialized, skipping
Refreshing native plugins compatible for Editor in 0.49 ms, found 2 plugins.
Preloading 0 native plugins for Editor in 0.00 ms.
Unloading 1383 Unused Serialized files (Serialized files now loaded: 0)
System memory in use before: 154.0 MB.
System memory in use after: 154.1 MB.

Unloading 14 unused Assets to reduce memory usage. Loaded Objects now: 1919.
Total: 3.021272 ms (FindLiveObjects: 0.328735 ms CreateObjectMapping: 0.144796 ms MarkObjects: 2.484207 ms  DeleteObjects: 0.061694 ms)

========================================================================
Received Prepare
Registering precompiled user dll's ...
Registered in 0.005169 seconds.
Begin MonoManager ReloadAssembly
Native extension for OSXStandalone target not found
Refreshing native plugins compatible for Editor in 0.55 ms, found 2 plugins.
Preloading 0 native plugins for Editor in 0.00 ms.
Mono: successfully reloaded assembly
- Completed reload, in  1.840 seconds
Platform modules already initialized, skipping
Refreshing native plugins compatible for Editor in 0.38 ms, found 2 plugins.
Preloading 0 native plugins for Editor in 0.00 ms.
Unloading 1383 Unused Serialized files (Serialized files now loaded: 0)
System memory in use before: 154.3 MB.
System memory in use after: 154.4 MB.

Unloading 14 unused Assets to reduce memory usage. Loaded Objects now: 1922.
Total: 3.074772 ms (FindLiveObjects: 0.471305 ms CreateObjectMapping: 0.120145 ms MarkObjects: 2.378158 ms  DeleteObjects: 0.103677 ms)

========================================================================
Received Import Request.
  Time since last request: 396.719386 seconds.
  path: Assets/Scripts/FollowPlayer.cs
  artifactKey: Guid(287c39868cea64619803744dc62f6fea) Importer(815301076,1909f56bfc062723c751e8b465ee728b)
Start importing Assets/Scripts/FollowPlayer.cs using Guid(287c39868cea64619803744dc62f6fea) Importer(815301076,1909f56bfc062723c751e8b465ee728b)  -> (artifact id: '68433bcdabfdbd6874eb09e21ad66d1f') in 0.012205 seconds
  Import took 0.015861 seconds .

========================================================================
Received Prepare
Registering precompiled user dll's ...
Registered in 0.011190 seconds.
Begin MonoManager ReloadAssembly
Native extension for OSXStandalone target not found
Refreshing native plugins compatible for Editor in 0.34 ms, found 2 plugins.
Preloading 0 native plugins for Editor in 0.00 ms.
Mono: successfully reloaded assembly
- Completed reload, in  2.814 seconds
Platform modules already initialized, skipping
Refreshing native plugins compatible for Editor in 0.43 ms, found 2 plugins.
Preloading 0 native plugins for Editor in 0.00 ms.
Unloading 1383 Unused Serialized files (Serialized files now loaded: 0)
System memory in use before: 154.5 MB.
System memory in use after: 154.6 MB.

Unloading 14 unused Assets to reduce memory usage. Loaded Objects now: 1925.
Total: 2.005703 ms (FindLiveObjects: 0.211549 ms CreateObjectMapping: 0.073683 ms MarkObjects: 1.661782 ms  DeleteObjects: 0.057501 ms)

========================================================================
Received Import Request.
  Time since last request: 105.063695 seconds.
  path: Assets/Scripts/FollowPlayer.cs
  artifactKey: Guid(287c39868cea64619803744dc62f6fea) Importer(815301076,1909f56bfc062723c751e8b465ee728b)
Start importing Assets/Scripts/FollowPlayer.cs using Guid(287c39868cea64619803744dc62f6fea) Importer(815301076,1909f56bfc062723c751e8b465ee728b)  -> (artifact id: '22f97eddf9f342e6f373d852a1dd2cc4') in 0.006300 seconds
  Import took 0.009120 seconds .

========================================================================
Received Prepare
Registering precompiled user dll's ...
Registered in 0.008352 seconds.
Begin MonoManager ReloadAssembly
Native extension for OSXStandalone target not found
Refreshing native plugins compatible for Editor in 0.60 ms, found 2 plugins.
Preloading 0 native plugins for Editor in 0.00 ms.
Mono: successfully reloaded assembly
- Completed reload, in  1.557 seconds
Platform modules already initialized, skipping
Refreshing native plugins compatible for Editor in 0.32 ms, found 2 plugins.
Preloading 0 native plugins for Editor in 0.00 ms.
Unloading 1383 Unused Serialized files (Serialized files now loaded: 0)
System memory in use before: 154.7 MB.
System memory in use after: 154.8 MB.

Unloading 14 unused Assets to reduce memory usage. Loaded Objects now: 1928.
Total: 2.050202 ms (FindLiveObjects: 0.182363 ms CreateObjectMapping: 0.044679 ms MarkObjects: 1.767787 ms  DeleteObjects: 0.054447 ms)

========================================================================
Received Import Request.
  Time since last request: 25.303112 seconds.
  path: Assets/Scripts/FollowPlayer.cs
  artifactKey: Guid(287c39868cea64619803744dc62f6fea) Importer(815301076,1909f56bfc062723c751e8b465ee728b)
Start importing Assets/Scripts/FollowPlayer.cs using Guid(287c39868cea64619803744dc62f6fea) Importer(815301076,1909f56bfc062723c751e8b465ee728b)  -> (artifact id: '3f70265f2a595a53649fea6c30c40f17') in 0.007632 seconds
  Import took 0.011347 seconds .

========================================================================
Received Prepare
Registering precompiled user dll's ...
Registered in 0.004143 seconds.
Begin MonoManager ReloadAssembly
Native extension for OSXStandalone target not found
Refreshing native plugins compatible for Editor in 0.45 ms, found 2 plugins.
Preloading 0 native plugins for Editor in 0.00 ms.
Mono: successfully reloaded assembly
- Completed reload, in  2.311 seconds
Platform modules already initialized, skipping
Refreshing native plugins compatible for Editor in 0.48 ms, found 2 plugins.
Preloading 0 native plugins for Editor in 0.00 ms.
Unloading 1383 Unused Serialized files (Serialized files now loaded: 0)
System memory in use before: 154.9 MB.
System memory in use after: 154.9 MB.

Unloading 14 unused Assets to reduce memory usage. Loaded Objects now: 1931.
Total: 2.454690 ms (FindLiveObjects: 0.182964 ms CreateObjectMapping: 0.138741 ms MarkObjects: 2.065031 ms  DeleteObjects: 0.067023 ms)

========================================================================
Received Prepare
Registering precompiled user dll's ...
Registered in 0.017890 seconds.
Begin MonoManager ReloadAssembly
Native extension for OSXStandalone target not found
Refreshing native plugins compatible for Editor in 0.36 ms, found 2 plugins.
Preloading 0 native plugins for Editor in 0.00 ms.
Mono: successfully reloaded assembly
- Completed reload, in  2.251 seconds
Platform modules already initialized, skipping
Refreshing native plugins compatible for Editor in 0.66 ms, found 2 plugins.
Preloading 0 native plugins for Editor in 0.00 ms.
Unloading 1383 Unused Serialized files (Serialized files now loaded: 0)
System memory in use before: 155.1 MB.
System memory in use after: 155.1 MB.

Unloading 14 unused Assets to reduce memory usage. Loaded Objects now: 1934.
Total: 1.885693 ms (FindLiveObjects: 0.162890 ms CreateObjectMapping: 0.041677 ms MarkObjects: 1.627980 ms  DeleteObjects: 0.052167 ms)

========================================================================
Received Import Request.
  Time since last request: 39.853082 seconds.
  path: Assets/Scripts/FollowPlayer.cs
  artifactKey: Guid(287c39868cea64619803744dc62f6fea) Importer(815301076,1909f56bfc062723c751e8b465ee728b)
Start importing Assets/Scripts/FollowPlayer.cs using Guid(287c39868cea64619803744dc62f6fea) Importer(815301076,1909f56bfc062723c751e8b465ee728b)  -> (artifact id: '18d6cc7591bb06078379f803b7414c33') in 0.004493 seconds
  Import took 0.008799 seconds .

========================================================================
Received Prepare
Registering precompiled user dll's ...
Registered in 0.002991 seconds.
Begin MonoManager ReloadAssembly
Native extension for OSXStandalone target not found
Refreshing native plugins compatible for Editor in 0.44 ms, found 2 plugins.
Preloading 0 native plugins for Editor in 0.00 ms.
Mono: successfully reloaded assembly
- Completed reload, in  1.863 seconds
Platform modules already initialized, skipping
Refreshing native plugins compatible for Editor in 0.51 ms, found 2 plugins.
Preloading 0 native plugins for Editor in 0.00 ms.
Unloading 1383 Unused Serialized files (Serialized files now loaded: 0)
System memory in use before: 155.2 MB.
System memory in use after: 155.3 MB.

Unloading 14 unused Assets to reduce memory usage. Loaded Objects now: 1937.
Total: 2.434539 ms (FindLiveObjects: 0.175534 ms CreateObjectMapping: 0.050142 ms MarkObjects: 2.150605 ms  DeleteObjects: 0.057102 ms)

========================================================================
Received Prepare
Registering precompiled user dll's ...
Registered in 0.006363 seconds.
Begin MonoManager ReloadAssembly
Native extension for OSXStandalone target not found
Refreshing native plugins compatible for Editor in 0.34 ms, found 2 plugins.
Preloading 0 native plugins for Editor in 0.00 ms.
Mono: successfully reloaded assembly
- Completed reload, in  1.647 seconds
Platform modules already initialized, skipping
Refreshing native plugins compatible for Editor in 0.36 ms, found 2 plugins.
Preloading 0 native plugins for Editor in 0.00 ms.
Unloading 1383 Unused Serialized files (Serialized files now loaded: 0)
System memory in use before: 155.4 MB.
System memory in use after: 155.5 MB.

Unloading 14 unused Assets to reduce memory usage. Loaded Objects now: 1940.
Total: 1.981302 ms (FindLiveObjects: 0.175998 ms CreateObjectMapping: 0.048078 ms MarkObjects: 1.705458 ms  DeleteObjects: 0.050947 ms)

========================================================================
Received Import Request.
  Time since last request: 70.717080 seconds.
  path: Assets/Scripts/FollowPlayer.cs
  artifactKey: Guid(287c39868cea64619803744dc62f6fea) Importer(815301076,1909f56bfc062723c751e8b465ee728b)
Start importing Assets/Scripts/FollowPlayer.cs using Guid(287c39868cea64619803744dc62f6fea) Importer(815301076,1909f56bfc062723c751e8b465ee728b)  -> (artifact id: '409e2ef8e8e820e87f6b63188b166653') in 0.005621 seconds
  Import took 0.011304 seconds .

========================================================================
Received Prepare
Registering precompiled user dll's ...
Registered in 0.004092 seconds.
Begin MonoManager ReloadAssembly
Native extension for OSXStandalone target not found
Refreshing native plugins compatible for Editor in 1.51 ms, found 2 plugins.
Preloading 0 native plugins for Editor in 0.00 ms.
Mono: successfully reloaded assembly
- Completed reload, in  3.128 seconds
Platform modules already initialized, skipping
Refreshing native plugins compatible for Editor in 0.83 ms, found 2 plugins.
Preloading 0 native plugins for Editor in 0.00 ms.
Unloading 1383 Unused Serialized files (Serialized files now loaded: 0)
System memory in use before: 155.6 MB.
System memory in use after: 155.7 MB.

Unloading 14 unused Assets to reduce memory usage. Loaded Objects now: 1943.
Total: 3.071483 ms (FindLiveObjects: 0.174212 ms CreateObjectMapping: 0.049167 ms MarkObjects: 2.787890 ms  DeleteObjects: 0.059256 ms)

========================================================================
Received Prepare
Registering precompiled user dll's ...
Registered in 0.010783 seconds.
Begin MonoManager ReloadAssembly
Native extension for OSXStandalone target not found
Refreshing native plugins compatible for Editor in 0.54 ms, found 2 plugins.
Preloading 0 native plugins for Editor in 0.00 ms.
Mono: successfully reloaded assembly
- Completed reload, in  2.084 seconds
Platform modules already initialized, skipping
Refreshing native plugins compatible for Editor in 0.33 ms, found 2 plugins.
Preloading 0 native plugins for Editor in 0.00 ms.
Unloading 1383 Unused Serialized files (Serialized files now loaded: 0)
System memory in use before: 155.8 MB.
System memory in use after: 155.9 MB.

Unloading 14 unused Assets to reduce memory usage. Loaded Objects now: 1946.
Total: 2.860878 ms (FindLiveObjects: 0.442229 ms CreateObjectMapping: 0.113952 ms MarkObjects: 2.185786 ms  DeleteObjects: 0.117523 ms)

========================================================================
Received Prepare
Registering precompiled user dll's ...
Registered in 0.005774 seconds.
Begin MonoManager ReloadAssembly
Native extension for OSXStandalone target not found
Refreshing native plugins compatible for Editor in 0.76 ms, found 2 plugins.
Preloading 0 native plugins for Editor in 0.00 ms.
Mono: successfully reloaded assembly
- Completed reload, in  2.288 seconds
Platform modules already initialized, skipping
Refreshing native plugins compatible for Editor in 0.50 ms, found 2 plugins.
Preloading 0 native plugins for Editor in 0.00 ms.
Unloading 1383 Unused Serialized files (Serialized files now loaded: 0)
System memory in use before: 156.0 MB.
System memory in use after: 156.1 MB.

Unloading 14 unused Assets to reduce memory usage. Loaded Objects now: 1949.
Total: 2.782720 ms (FindLiveObjects: 0.301567 ms CreateObjectMapping: 0.089510 ms MarkObjects: 2.330974 ms  DeleteObjects: 0.058278 ms)

========================================================================
Received Import Request.
  Time since last request: 69.500324 seconds.
  path: Assets/Scripts/FollowPlayer.cs
  artifactKey: Guid(287c39868cea64619803744dc62f6fea) Importer(815301076,1909f56bfc062723c751e8b465ee728b)
Start importing Assets/Scripts/FollowPlayer.cs using Guid(287c39868cea64619803744dc62f6fea) Importer(815301076,1909f56bfc062723c751e8b465ee728b)  -> (artifact id: 'a93bcea2a9bb385a7c14ea1e5c8b094a') in 0.016266 seconds
  Import took 0.019998 seconds .

========================================================================
Received Import Request.
  Time since last request: 0.088835 seconds.
  path: Assets/Scripts/FollowPlayer.cs
  artifactKey: Guid(287c39868cea64619803744dc62f6fea) Importer(815301076,1909f56bfc062723c751e8b465ee728b)
Start importing Assets/Scripts/FollowPlayer.cs using Guid(287c39868cea64619803744dc62f6fea) Importer(815301076,1909f56bfc062723c751e8b465ee728b)  -> (artifact id: 'a93bcea2a9bb385a7c14ea1e5c8b094a') in 0.003039 seconds
  Import took 0.006738 seconds .

========================================================================
Received Prepare
Registering precompiled user dll's ...
Registered in 0.008679 seconds.
Begin MonoManager ReloadAssembly
Native extension for OSXStandalone target not found
Refreshing native plugins compatible for Editor in 0.34 ms, found 2 plugins.
Preloading 0 native plugins for Editor in 0.00 ms.
Mono: successfully reloaded assembly
- Completed reload, in  2.727 seconds
Platform modules already initialized, skipping
Refreshing native plugins compatible for Editor in 0.34 ms, found 2 plugins.
Preloading 0 native plugins for Editor in 0.00 ms.
Unloading 1383 Unused Serialized files (Serialized files now loaded: 0)
System memory in use before: 156.2 MB.
System memory in use after: 156.3 MB.

Unloading 14 unused Assets to reduce memory usage. Loaded Objects now: 1952.
Total: 2.923231 ms (FindLiveObjects: 0.215289 ms CreateObjectMapping: 0.066892 ms MarkObjects: 2.573620 ms  DeleteObjects: 0.066492 ms)

========================================================================
Received Import Request.
  Time since last request: 15.726583 seconds.
  path: Assets/Scripts/FollowPlayer.cs
  artifactKey: Guid(287c39868cea64619803744dc62f6fea) Importer(815301076,1909f56bfc062723c751e8b465ee728b)
Start importing Assets/Scripts/FollowPlayer.cs using Guid(287c39868cea64619803744dc62f6fea) Importer(815301076,1909f56bfc062723c751e8b465ee728b)  -> (artifact id: '06c462ea890931bd14b98bf0a29907d7') in 0.008276 seconds
  Import took 0.011271 seconds .

========================================================================
Received Prepare
Registering precompiled user dll's ...
Registered in 0.014203 seconds.
Begin MonoManager ReloadAssembly
Native extension for OSXStandalone target not found
Refreshing native plugins compatible for Editor in 0.46 ms, found 2 plugins.
Preloading 0 native plugins for Editor in 0.00 ms.
Mono: successfully reloaded assembly
- Completed reload, in  3.545 seconds
Platform modules already initialized, skipping
Refreshing native plugins compatible for Editor in 0.37 ms, found 2 plugins.
Preloading 0 native plugins for Editor in 0.00 ms.
Unloading 1383 Unused Serialized files (Serialized files now loaded: 0)
System memory in use before: 156.4 MB.
System memory in use after: 156.5 MB.

Unloading 14 unused Assets to reduce memory usage. Loaded Objects now: 1955.
Total: 5.229538 ms (FindLiveObjects: 1.077385 ms CreateObjectMapping: 0.237831 ms MarkObjects: 3.644553 ms  DeleteObjects: 0.097460 ms)

========================================================================
Received Prepare
Registering precompiled user dll's ...
Registered in 0.019811 seconds.
Begin MonoManager ReloadAssembly
Native extension for OSXStandalone target not found
Refreshing native plugins compatible for Editor in 0.34 ms, found 2 plugins.
Preloading 0 native plugins for Editor in 0.00 ms.
Mono: successfully reloaded assembly
- Completed reload, in  1.760 seconds
Platform modules already initialized, skipping
Refreshing native plugins compatible for Editor in 0.34 ms, found 2 plugins.
Preloading 0 native plugins for Editor in 0.00 ms.
Unloading 1383 Unused Serialized files (Serialized files now loaded: 0)
System memory in use before: 156.6 MB.
System memory in use after: 156.7 MB.

Unloading 14 unused Assets to reduce memory usage. Loaded Objects now: 1958.
Total: 1.883379 ms (FindLiveObjects: 0.171485 ms CreateObjectMapping: 0.045995 ms MarkObjects: 1.613820 ms  DeleteObjects: 0.051317 ms)

========================================================================
Received Prepare
Registering precompiled user dll's ...
Registered in 0.014998 seconds.
Begin MonoManager ReloadAssembly
Native extension for OSXStandalone target not found
Refreshing native plugins compatible for Editor in 0.34 ms, found 2 plugins.
Preloading 0 native plugins for Editor in 0.00 ms.
Mono: successfully reloaded assembly
- Completed reload, in  1.575 seconds
Platform modules already initialized, skipping
Refreshing native plugins compatible for Editor in 0.30 ms, found 2 plugins.
Preloading 0 native plugins for Editor in 0.00 ms.
Unloading 1383 Unused Serialized files (Serialized files now loaded: 0)
System memory in use before: 156.8 MB.
System memory in use after: 156.9 MB.

Unloading 14 unused Assets to reduce memory usage. Loaded Objects now: 1961.
Total: 2.063459 ms (FindLiveObjects: 0.165860 ms CreateObjectMapping: 0.045174 ms MarkObjects: 1.801441 ms  DeleteObjects: 0.050096 ms)

========================================================================
Received Prepare
Registering precompiled user dll's ...
Registered in 0.009094 seconds.
Begin MonoManager ReloadAssembly
Native extension for OSXStandalone target not found
Refreshing native plugins compatible for Editor in 0.34 ms, found 2 plugins.
Preloading 0 native plugins for Editor in 0.00 ms.
Mono: successfully reloaded assembly
- Completed reload, in  1.820 seconds
Platform modules already initialized, skipping
Refreshing native plugins compatible for Editor in 0.61 ms, found 2 plugins.
Preloading 0 native plugins for Editor in 0.00 ms.
Unloading 1383 Unused Serialized files (Serialized files now loaded: 0)
System memory in use before: 157.0 MB.
System memory in use after: 157.0 MB.

Unloading 14 unused Assets to reduce memory usage. Loaded Objects now: 1964.
Total: 2.295593 ms (FindLiveObjects: 0.222638 ms CreateObjectMapping: 0.048903 ms MarkObjects: 1.951502 ms  DeleteObjects: 0.071247 ms)

========================================================================
Received Prepare
Registering precompiled user dll's ...
Registered in 0.009460 seconds.
Begin MonoManager ReloadAssembly
Native extension for OSXStandalone target not found
Refreshing native plugins compatible for Editor in 0.34 ms, found 2 plugins.
Preloading 0 native plugins for Editor in 0.00 ms.
Mono: successfully reloaded assembly
- Completed reload, in  2.407 seconds
Platform modules already initialized, skipping
Refreshing native plugins compatible for Editor in 0.33 ms, found 2 plugins.
Preloading 0 native plugins for Editor in 0.00 ms.
Unloading 1383 Unused Serialized files (Serialized files now loaded: 0)
System memory in use before: 157.1 MB.
System memory in use after: 157.2 MB.

Unloading 14 unused Assets to reduce memory usage. Loaded Objects now: 1967.
Total: 3.009991 ms (FindLiveObjects: 0.195364 ms CreateObjectMapping: 0.079729 ms MarkObjects: 2.638492 ms  DeleteObjects: 0.095289 ms)

========================================================================
Received Prepare
Registering precompiled user dll's ...
Registered in 0.003764 seconds.
Begin MonoManager ReloadAssembly
Native extension for OSXStandalone target not found
Refreshing native plugins compatible for Editor in 0.41 ms, found 2 plugins.
Preloading 0 native plugins for Editor in 0.00 ms.
Mono: successfully reloaded assembly
- Completed reload, in  1.727 seconds
Platform modules already initialized, skipping
Refreshing native plugins compatible for Editor in 0.38 ms, found 2 plugins.
Preloading 0 native plugins for Editor in 0.00 ms.
Unloading 1383 Unused Serialized files (Serialized files now loaded: 0)
System memory in use before: 157.4 MB.
System memory in use after: 157.5 MB.

Unloading 14 unused Assets to reduce memory usage. Loaded Objects now: 1970.
Total: 2.893743 ms (FindLiveObjects: 0.387305 ms CreateObjectMapping: 0.086756 ms MarkObjects: 2.313082 ms  DeleteObjects: 0.105413 ms)

========================================================================
Received Prepare
Registering precompiled user dll's ...
Registered in 0.020256 seconds.
Begin MonoManager ReloadAssembly
Native extension for OSXStandalone target not found
Refreshing native plugins compatible for Editor in 0.61 ms, found 2 plugins.
Preloading 0 native plugins for Editor in 0.00 ms.
Mono: successfully reloaded assembly
- Completed reload, in  1.828 seconds
Platform modules already initialized, skipping
Refreshing native plugins compatible for Editor in 0.36 ms, found 2 plugins.
Preloading 0 native plugins for Editor in 0.00 ms.
Unloading 1383 Unused Serialized files (Serialized files now loaded: 0)
System memory in use before: 157.5 MB.
System memory in use after: 157.6 MB.

Unloading 14 unused Assets to reduce memory usage. Loaded Objects now: 1973.
Total: 3.098313 ms (FindLiveObjects: 0.182911 ms CreateObjectMapping: 0.048650 ms MarkObjects: 2.788671 ms  DeleteObjects: 0.076781 ms)

========================================================================
Received Prepare
Registering precompiled user dll's ...
Registered in 0.003618 seconds.
Begin MonoManager ReloadAssembly
Native extension for OSXStandalone target not found
Refreshing native plugins compatible for Editor in 0.34 ms, found 2 plugins.
Preloading 0 native plugins for Editor in 0.00 ms.
Mono: successfully reloaded assembly
- Completed reload, in  2.581 seconds
Platform modules already initialized, skipping
Refreshing native plugins compatible for Editor in 0.42 ms, found 2 plugins.
Preloading 0 native plugins for Editor in 0.00 ms.
Unloading 1383 Unused Serialized files (Serialized files now loaded: 0)
System memory in use before: 157.8 MB.
System memory in use after: 157.8 MB.

Unloading 14 unused Assets to reduce memory usage. Loaded Objects now: 1976.
Total: 2.198609 ms (FindLiveObjects: 0.335143 ms CreateObjectMapping: 0.067302 ms MarkObjects: 1.703563 ms  DeleteObjects: 0.091776 ms)

========================================================================
Received Prepare
Registering precompiled user dll's ...
Registered in 0.029931 seconds.
Begin MonoManager ReloadAssembly
Native extension for OSXStandalone target not found
Refreshing native plugins compatible for Editor in 0.60 ms, found 2 plugins.
Preloading 0 native plugins for Editor in 0.00 ms.
Mono: successfully reloaded assembly
- Completed reload, in  2.884 seconds
Platform modules already initialized, skipping
Refreshing native plugins compatible for Editor in 0.34 ms, found 2 plugins.
Preloading 0 native plugins for Editor in 0.00 ms.
Unloading 1383 Unused Serialized files (Serialized files now loaded: 0)
System memory in use before: 157.9 MB.
System memory in use after: 158.0 MB.

Unloading 14 unused Assets to reduce memory usage. Loaded Objects now: 1979.
Total: 1.969079 ms (FindLiveObjects: 0.171633 ms CreateObjectMapping: 0.045221 ms MarkObjects: 1.701706 ms  DeleteObjects: 0.049769 ms)

========================================================================
Received Prepare
Registering precompiled user dll's ...
Registered in 0.011649 seconds.
Begin MonoManager ReloadAssembly
Native extension for OSXStandalone target not found
Refreshing native plugins compatible for Editor in 0.50 ms, found 2 plugins.
Preloading 0 native plugins for Editor in 0.00 ms.
Mono: successfully reloaded assembly
- Completed reload, in  3.160 seconds
Platform modules already initialized, skipping
Refreshing native plugins compatible for Editor in 0.35 ms, found 2 plugins.
Preloading 0 native plugins for Editor in 0.00 ms.
Unloading 1383 Unused Serialized files (Serialized files now loaded: 0)
System memory in use before: 158.1 MB.
System memory in use after: 158.2 MB.

Unloading 14 unused Assets to reduce memory usage. Loaded Objects now: 1982.
Total: 2.767156 ms (FindLiveObjects: 0.506783 ms CreateObjectMapping: 0.114893 ms MarkObjects: 2.061857 ms  DeleteObjects: 0.082408 ms)

========================================================================
Received Prepare
Registering precompiled user dll's ...
Registered in 0.002545 seconds.
Begin MonoManager ReloadAssembly
Native extension for OSXStandalone target not found
Refreshing native plugins compatible for Editor in 0.46 ms, found 2 plugins.
Preloading 0 native plugins for Editor in 0.00 ms.
Mono: successfully reloaded assembly
- Completed reload, in  2.271 seconds
Platform modules already initialized, skipping
Refreshing native plugins compatible for Editor in 1.29 ms, found 2 plugins.
Preloading 0 native plugins for Editor in 0.00 ms.
Unloading 1383 Unused Serialized files (Serialized files now loaded: 0)
System memory in use before: 158.3 MB.
System memory in use after: 158.4 MB.

Unloading 14 unused Assets to reduce memory usage. Loaded Objects now: 1985.
Total: 2.906339 ms (FindLiveObjects: 0.178027 ms CreateObjectMapping: 0.049743 ms MarkObjects: 2.622223 ms  DeleteObjects: 0.055061 ms)

========================================================================
Received Prepare
Registering precompiled user dll's ...
Registered in 0.013369 seconds.
Begin MonoManager ReloadAssembly
Native extension for OSXStandalone target not found
Refreshing native plugins compatible for Editor in 0.52 ms, found 2 plugins.
Preloading 0 native plugins for Editor in 0.00 ms.
Mono: successfully reloaded assembly
- Completed reload, in  1.895 seconds
Platform modules already initialized, skipping
Refreshing native plugins compatible for Editor in 0.34 ms, found 2 plugins.
Preloading 0 native plugins for Editor in 0.00 ms.
Unloading 1383 Unused Serialized files (Serialized files now loaded: 0)
System memory in use before: 158.5 MB.
System memory in use after: 158.6 MB.

Unloading 14 unused Assets to reduce memory usage. Loaded Objects now: 1988.
Total: 6.785657 ms (FindLiveObjects: 1.361181 ms CreateObjectMapping: 0.101460 ms MarkObjects: 5.243516 ms  DeleteObjects: 0.077442 ms)

========================================================================
Received Prepare
Registering precompiled user dll's ...
Registered in 0.014728 seconds.
Begin MonoManager ReloadAssembly
Native extension for OSXStandalone target not found
Refreshing native plugins compatible for Editor in 0.56 ms, found 2 plugins.
Preloading 0 native plugins for Editor in 0.00 ms.
Mono: successfully reloaded assembly
- Completed reload, in  2.340 seconds
Platform modules already initialized, skipping
Refreshing native plugins compatible for Editor in 0.62 ms, found 2 plugins.
Preloading 0 native plugins for Editor in 0.00 ms.
Unloading 1383 Unused Serialized files (Serialized files now loaded: 0)
System memory in use before: 158.7 MB.
System memory in use after: 158.8 MB.

Unloading 14 unused Assets to reduce memory usage. Loaded Objects now: 1991.
Total: 4.019380 ms (FindLiveObjects: 0.435080 ms CreateObjectMapping: 0.091114 ms MarkObjects: 3.106694 ms  DeleteObjects: 0.385195 ms)

========================================================================
Received Prepare
Registering precompiled user dll's ...
Registered in 0.005976 seconds.
Begin MonoManager ReloadAssembly
Native extension for OSXStandalone target not found
Refreshing native plugins compatible for Editor in 0.37 ms, found 2 plugins.
Preloading 0 native plugins for Editor in 0.00 ms.
Mono: successfully reloaded assembly
- Completed reload, in  3.284 seconds
Platform modules already initialized, skipping
Refreshing native plugins compatible for Editor in 0.40 ms, found 2 plugins.
Preloading 0 native plugins for Editor in 0.00 ms.
Unloading 1383 Unused Serialized files (Serialized files now loaded: 0)
System memory in use before: 158.9 MB.
System memory in use after: 158.9 MB.

Unloading 14 unused Assets to reduce memory usage. Loaded Objects now: 1994.
Total: 2.978887 ms (FindLiveObjects: 0.401532 ms CreateObjectMapping: 0.112540 ms MarkObjects: 2.401068 ms  DeleteObjects: 0.062200 ms)

========================================================================
Received Prepare
Registering precompiled user dll's ...
Registered in 0.047708 seconds.
Begin MonoManager ReloadAssembly
Native extension for OSXStandalone target not found
Refreshing native plugins compatible for Editor in 0.53 ms, found 2 plugins.
Preloading 0 native plugins for Editor in 0.00 ms.
Mono: successfully reloaded assembly
- Completed reload, in  1.959 seconds
Platform modules already initialized, skipping
Refreshing native plugins compatible for Editor in 0.34 ms, found 2 plugins.
Preloading 0 native plugins for Editor in 0.00 ms.
Unloading 1383 Unused Serialized files (Serialized files now loaded: 0)
System memory in use before: 159.1 MB.
System memory in use after: 159.2 MB.

Unloading 14 unused Assets to reduce memory usage. Loaded Objects now: 1997.
Total: 2.082509 ms (FindLiveObjects: 0.275992 ms CreateObjectMapping: 0.064051 ms MarkObjects: 1.686332 ms  DeleteObjects: 0.055116 ms)

========================================================================
Received Prepare
Registering precompiled user dll's ...
Registered in 0.011989 seconds.
Begin MonoManager ReloadAssembly
Native extension for OSXStandalone target not found
Refreshing native plugins compatible for Editor in 0.75 ms, found 2 plugins.
Preloading 0 native plugins for Editor in 0.00 ms.
Mono: successfully reloaded assembly
- Completed reload, in  3.424 seconds
Platform modules already initialized, skipping
Refreshing native plugins compatible for Editor in 0.34 ms, found 2 plugins.
Preloading 0 native plugins for Editor in 0.00 ms.
Unloading 1383 Unused Serialized files (Serialized files now loaded: 0)
System memory in use before: 159.3 MB.
System memory in use after: 159.4 MB.

Unloading 14 unused Assets to reduce memory usage. Loaded Objects now: 2000.
Total: 17.425125 ms (FindLiveObjects: 12.880412 ms CreateObjectMapping: 0.183642 ms MarkObjects: 4.272006 ms  DeleteObjects: 0.087237 ms)

========================================================================
Received Prepare
Registering precompiled user dll's ...
Registered in 0.008566 seconds.
Begin MonoManager ReloadAssembly
Native extension for OSXStandalone target not found
Refreshing native plugins compatible for Editor in 0.39 ms, found 2 plugins.
Preloading 0 native plugins for Editor in 0.00 ms.
Mono: successfully reloaded assembly
- Completed reload, in  2.213 seconds
Platform modules already initialized, skipping
Refreshing native plugins compatible for Editor in 0.34 ms, found 2 plugins.
Preloading 0 native plugins for Editor in 0.00 ms.
Unloading 1383 Unused Serialized files (Serialized files now loaded: 0)
System memory in use before: 159.5 MB.
System memory in use after: 159.6 MB.

Unloading 14 unused Assets to reduce memory usage. Loaded Objects now: 2003.
Total: 3.446954 ms (FindLiveObjects: 0.471393 ms CreateObjectMapping: 0.113654 ms MarkObjects: 2.749759 ms  DeleteObjects: 0.110774 ms)

========================================================================
Received Prepare
Registering precompiled user dll's ...
Registered in 0.004800 seconds.
Begin MonoManager ReloadAssembly
Native extension for OSXStandalone target not found
Refreshing native plugins compatible for Editor in 0.35 ms, found 2 plugins.
Preloading 0 native plugins for Editor in 0.00 ms.
Mono: successfully reloaded assembly
- Completed reload, in  1.940 seconds
Platform modules already initialized, skipping
Refreshing native plugins compatible for Editor in 0.47 ms, found 2 plugins.
Preloading 0 native plugins for Editor in 0.00 ms.
Unloading 1383 Unused Serialized files (Serialized files now loaded: 0)
System memory in use before: 159.7 MB.
System memory in use after: 159.8 MB.

Unloading 14 unused Assets to reduce memory usage. Loaded Objects now: 2006.
Total: 2.047989 ms (FindLiveObjects: 0.207859 ms CreateObjectMapping: 0.079076 ms MarkObjects: 1.707868 ms  DeleteObjects: 0.052267 ms)

========================================================================
Received Prepare
Registering precompiled user dll's ...
Registered in 0.003957 seconds.
Begin MonoManager ReloadAssembly
Native extension for OSXStandalone target not found
Refreshing native plugins compatible for Editor in 0.56 ms, found 2 plugins.
Preloading 0 native plugins for Editor in 0.00 ms.
Mono: successfully reloaded assembly
- Completed reload, in  1.683 seconds
Platform modules already initialized, skipping
Refreshing native plugins compatible for Editor in 0.44 ms, found 2 plugins.
Preloading 0 native plugins for Editor in 0.00 ms.
Unloading 1383 Unused Serialized files (Serialized files now loaded: 0)
System memory in use before: 159.8 MB.
System memory in use after: 159.9 MB.

Unloading 14 unused Assets to reduce memory usage. Loaded Objects now: 2009.
Total: 2.034297 ms (FindLiveObjects: 0.181710 ms CreateObjectMapping: 0.048885 ms MarkObjects: 1.753987 ms  DeleteObjects: 0.048908 ms)

========================================================================
Received Prepare
Registering precompiled user dll's ...
Registered in 0.006697 seconds.
Begin MonoManager ReloadAssembly
Native extension for OSXStandalone target not found
Refreshing native plugins compatible for Editor in 0.66 ms, found 2 plugins.
Preloading 0 native plugins for Editor in 0.00 ms.
Mono: successfully reloaded assembly
- Completed reload, in  1.824 seconds
Platform modules already initialized, skipping
Refreshing native plugins compatible for Editor in 0.37 ms, found 2 plugins.
Preloading 0 native plugins for Editor in 0.00 ms.
Unloading 1383 Unused Serialized files (Serialized files now loaded: 0)
System memory in use before: 160.0 MB.
System memory in use after: 160.1 MB.

Unloading 14 unused Assets to reduce memory usage. Loaded Objects now: 2012.
Total: 2.303908 ms (FindLiveObjects: 0.310749 ms CreateObjectMapping: 0.051676 ms MarkObjects: 1.864320 ms  DeleteObjects: 0.076207 ms)

